<?xml version="1.0" encoding="UTF-8"?>
<testsuite name="FirstTest" tests="1" skipped="0" failures="0" errors="0" timestamp="2022-08-02T03:39:11" hostname="WIN-B06963JPSP4" time="0.002">
  <properties/>
  <testcase name="secondTest" classname="FirstTest" time="0.002"/>
  <system-out><![CDATA[]]></system-out>
  <system-err><![CDATA[]]></system-err>
</testsuite>
